#-----------------------------------------------------------
# PlanAhead v14.7
# Build 321239 by xbuild on Fri Sep 27 19:31:35 MDT 2013
# Start of session at: Thu Oct 08 12:10:14 2020
# Process ID: 11800
# Log file: C:/Users/Admin/Desktop/CodeHub/ClassDocs/Semester2-1/Digital System Fundamentals/Lab5_8-10-2563/Lab5/planAhead_run_2/planAhead.log
# Journal file: C:/Users/Admin/Desktop/CodeHub/ClassDocs/Semester2-1/Digital System Fundamentals/Lab5_8-10-2563/Lab5/planAhead_run_2/planAhead.jou
#-----------------------------------------------------------
INFO: [Common 17-78] Attempting to get a license: PlanAhead
INFO: [Common 17-290] Got license for PlanAhead
INFO: [Device 21-36] Loading parts and site information from C:/Xilinx/14.7/ISE_DS/PlanAhead/data/parts/arch.xml
Parsing RTL primitives file [C:/Xilinx/14.7/ISE_DS/PlanAhead/data/parts/xilinx/rtl/prims/rtl_prims.xml]
Finished parsing RTL primitives file [C:/Xilinx/14.7/ISE_DS/PlanAhead/data/parts/xilinx/rtl/prims/rtl_prims.xml]
start_gui
source {C:/Users/Admin/Desktop/CodeHub/ClassDocs/Semester2-1/Digital System Fundamentals/Lab5_8-10-2563/Lab5/pa.fromHdl.tcl}
# create_project -name Lab5 -dir "C:/Users/Admin/Desktop/CodeHub/ClassDocs/Semester2-1/Digital System Fundamentals/Lab5_8-10-2563/Lab5/planAhead_run_2" -part xc6slx9tqg144-3
# set_param project.pinAheadLayout yes
# set srcset [get_property srcset [current_run -impl]]
# set_property target_constrs_file "AddPin.ucf" [current_fileset -constrset]
Adding file 'C:/Users/Admin/Desktop/CodeHub/ClassDocs/Semester2-1/Digital System Fundamentals/Lab5_8-10-2563/Lab5/AddPin.ucf' to fileset 'constrs_1'
# set hdlfile [add_files [list {JK_CouterUp1_6.vf}]]
# set_property file_type Verilog $hdlfile
# set_property library work $hdlfile
# set_property top JK_CouterUp1_6 $srcset
# add_files [list {AddPin.ucf}] -fileset [get_property constrset [current_run]]
# open_rtl_design -part xc6slx9tqg144-3
Using Verific elaboration
Parsing VHDL file "C:/Xilinx/14.7/ISE_DS/PlanAhead/data/parts/xilinx/rtl/lib/synplify/synattr.vhd" into library synplify
Analyzing Verilog file "C:/Users/Admin/Desktop/CodeHub/ClassDocs/Semester2-1/Digital System Fundamentals/Lab5_8-10-2563/Lab5/JK_CouterUp1_6.vf" into library work
Loading clock regions from C:/Xilinx/14.7/ISE_DS/PlanAhead/data\parts/xilinx/spartan6/spartan6lx/xc6slx9/ClockRegion.xml
Loading clock buffers from C:/Xilinx/14.7/ISE_DS/PlanAhead/data\parts/xilinx/spartan6/spartan6lx/xc6slx9/ClockBuffers.xml
Loading package pin functions from C:/Xilinx/14.7/ISE_DS/PlanAhead/data\parts/xilinx/spartan6/PinFunctions.xml...
Loading package from C:/Xilinx/14.7/ISE_DS/PlanAhead/data\parts/xilinx/spartan6/spartan6lx/xc6slx9/tqg144/Package.xml
Loading io standards from C:/Xilinx/14.7/ISE_DS/PlanAhead/data\./parts/xilinx/spartan6/IOStandards.xml
Loading device configuration modes from C:/Xilinx/14.7/ISE_DS/PlanAhead/data\parts/xilinx/spartan6/ConfigModes.xml
Loading list of drcs for the architecture : C:/Xilinx/14.7/ISE_DS/PlanAhead/data\./parts/xilinx/spartan6/drc.xml
Parsing UCF File [C:/Users/Admin/Desktop/CodeHub/ClassDocs/Semester2-1/Digital System Fundamentals/Lab5_8-10-2563/Lab5/AddPin.ucf]
Finished Parsing UCF File [C:/Users/Admin/Desktop/CodeHub/ClassDocs/Semester2-1/Digital System Fundamentals/Lab5_8-10-2563/Lab5/AddPin.ucf]
INFO: [Project 1-111] Unisim Transformation Summary:
No Unisim elements were transformed.

Phase 0 | Netlist Checksum: b27e982d
open_rtl_design: Time (s): elapsed = 00:00:08 . Memory (MB): peak = 536.043 ; gain = 114.148
update_compile_order -fileset sim_1
exit
ERROR: [PlanAhead 12-106] *** Exception: ui.h.b: Found deleted key in HTclEventBroker. Verify if the classes listed here call cleanup()
HTclEvent: SIGNAL_BUS_MODIFY   Classes: ui.views.aR 
HTclEvent: DEBUG_PORT_CONFIG_CHANGE   Classes: ui.views.aR 
HTclEvent: DEBUG_CORE_CONFIG_CHANGE   Classes: ui.views.aR 
HTclEvent: SIGNAL_MODIFY   Classes: ui.views.aR 
 (See C:/Users/Admin/Desktop/CodeHub/ClassDocs/Semester2-1/Digital System Fundamentals/Lab5_8-10-2563/Lab5\planAhead_pid11800.debug)
ERROR: [Common 17-39] 'stop_gui' failed due to earlier errors.
INFO: [Common 17-206] Exiting PlanAhead at Thu Oct 08 12:11:52 2020...
INFO: [Common 17-83] Releasing license: PlanAhead
