
****** PlanAhead v14.7
  **** Build 321239 by xbuild on Fri Sep 27 19:31:35 MDT 2013
    ** Copyright 1986-1999, 2001-2013 Xilinx, Inc. All Rights Reserved.

INFO: [Common 17-78] Attempting to get a license: PlanAhead
INFO: [Common 17-290] Got license for PlanAhead
INFO: [Device 21-36] Loading parts and site information from C:/Xilinx/14.7/ISE_DS/PlanAhead/data/parts/arch.xml
Parsing RTL primitives file [C:/Xilinx/14.7/ISE_DS/PlanAhead/data/parts/xilinx/rtl/prims/rtl_prims.xml]
Finished parsing RTL primitives file [C:/Xilinx/14.7/ISE_DS/PlanAhead/data/parts/xilinx/rtl/prims/rtl_prims.xml]
start_gui
source {C:/Users/Admin/Desktop/CodeHub/ClassDocs/Semester2-1/Digital System Fundamentals/Lab4_17-9-2563/Lab4/pa.fromHdl.tcl}
# create_project -name Lab4 -dir "C:/Users/Admin/Desktop/CodeHub/ClassDocs/Semester2-1/Digital System Fundamentals/Lab4_17-9-2563/Lab4/planAhead_run_3" -part xc6slx9tqg144-3
# set_param project.pinAheadLayout yes
# set srcset [get_property srcset [current_run -impl]]
# set_property target_constrs_file "MainLogicPin.ucf" [current_fileset -constrset]
Adding file 'C:/Users/Admin/Desktop/CodeHub/ClassDocs/Semester2-1/Digital System Fundamentals/Lab4_17-9-2563/Lab4/MainLogicPin.ucf' to fileset 'constrs_1'
# set hdlfile [add_files [list {MainLogic.vf}]]
# set_property file_type Verilog $hdlfile
# set_property library work $hdlfile
# set_property top MainLogic $srcset
# add_files [list {MainLogicPin.ucf}] -fileset [get_property constrset [current_run]]
# open_rtl_design -part xc6slx9tqg144-3
Using Verific elaboration
Parsing VHDL file "C:/Xilinx/14.7/ISE_DS/PlanAhead/data/parts/xilinx/rtl/lib/synplify/synattr.vhd" into library synplify
Analyzing Verilog file "C:/Users/Admin/Desktop/CodeHub/ClassDocs/Semester2-1/Digital System Fundamentals/Lab4_17-9-2563/Lab4/MainLogic.vf" into library work
Loading clock regions from C:/Xilinx/14.7/ISE_DS/PlanAhead/data\parts/xilinx/spartan6/spartan6lx/xc6slx9/ClockRegion.xml
Loading clock buffers from C:/Xilinx/14.7/ISE_DS/PlanAhead/data\parts/xilinx/spartan6/spartan6lx/xc6slx9/ClockBuffers.xml
Loading package pin functions from C:/Xilinx/14.7/ISE_DS/PlanAhead/data\parts/xilinx/spartan6/PinFunctions.xml...
Loading package from C:/Xilinx/14.7/ISE_DS/PlanAhead/data\parts/xilinx/spartan6/spartan6lx/xc6slx9/tqg144/Package.xml
Loading io standards from C:/Xilinx/14.7/ISE_DS/PlanAhead/data\./parts/xilinx/spartan6/IOStandards.xml
Loading device configuration modes from C:/Xilinx/14.7/ISE_DS/PlanAhead/data\parts/xilinx/spartan6/ConfigModes.xml
Loading list of drcs for the architecture : C:/Xilinx/14.7/ISE_DS/PlanAhead/data\./parts/xilinx/spartan6/drc.xml
Parsing UCF File [C:/Users/Admin/Desktop/CodeHub/ClassDocs/Semester2-1/Digital System Fundamentals/Lab4_17-9-2563/Lab4/MainLogicPin.ucf]
CRITICAL WARNING: [Constraints 18-11] Could not find net or pin 'B_SW4' [C:/Users/Admin/Desktop/CodeHub/ClassDocs/Semester2-1/Digital System Fundamentals/Lab4_17-9-2563/Lab4/MainLogicPin.ucf:4]
CRITICAL WARNING: [Constraints 18-11] Could not find net or pin 'D_SW6' [C:/Users/Admin/Desktop/CodeHub/ClassDocs/Semester2-1/Digital System Fundamentals/Lab4_17-9-2563/Lab4/MainLogicPin.ucf:5]
CRITICAL WARNING: [Constraints 18-11] Could not find net or pin 'E_SW7' [C:/Users/Admin/Desktop/CodeHub/ClassDocs/Semester2-1/Digital System Fundamentals/Lab4_17-9-2563/Lab4/MainLogicPin.ucf:6]
CRITICAL WARNING: [Constraints 18-11] Could not find net or pin 'H_SW3' [C:/Users/Admin/Desktop/CodeHub/ClassDocs/Semester2-1/Digital System Fundamentals/Lab4_17-9-2563/Lab4/MainLogicPin.ucf:7]
CRITICAL WARNING: [Constraints 18-11] Could not find net or pin 'L0_OUTPUT' [C:/Users/Admin/Desktop/CodeHub/ClassDocs/Semester2-1/Digital System Fundamentals/Lab4_17-9-2563/Lab4/MainLogicPin.ucf:8]
CRITICAL WARNING: [Constraints 18-11] Could not find net or pin 'S_SW5' [C:/Users/Admin/Desktop/CodeHub/ClassDocs/Semester2-1/Digital System Fundamentals/Lab4_17-9-2563/Lab4/MainLogicPin.ucf:9]
Finished Parsing UCF File [C:/Users/Admin/Desktop/CodeHub/ClassDocs/Semester2-1/Digital System Fundamentals/Lab4_17-9-2563/Lab4/MainLogicPin.ucf]
INFO: [Designutils 20-20] Invalid constraints found, use command 'write_ucf -constraints invalid <file>' to save all the invalid constraints to a file
INFO: [Project 1-111] Unisim Transformation Summary:
No Unisim elements were transformed.

Phase 0 | Netlist Checksum: 78b83486
open_rtl_design: Time (s): elapsed = 00:00:06 . Memory (MB): peak = 556.457 ; gain = 120.000
update_compile_order -fileset sim_1
startgroup
set_property package_pin P58 [get_ports B_SW4_P58]
endgroup
startgroup
set_property package_pin P83 [get_ports BUZZER_P83]
endgroup
startgroup
set_property package_pin P56 [get_ports D_SW6_P56]
endgroup
startgroup
set_property package_pin P55 [get_ports E_SW7_P55]
endgroup
startgroup
set_property package_pin P59 [get_ports H_SW3_P59]
endgroup
startgroup
set_property package_pin P57 [get_ports S_SW5_P57]
endgroup
save_constraints
exit
ERROR: [Common 17-39] 'stop_gui' failed due to earlier errors.
INFO: [Common 17-206] Exiting PlanAhead at Thu Sep 17 11:03:44 2020...
INFO: [Common 17-83] Releasing license: PlanAhead
