#-----------------------------------------------------------
# PlanAhead v14.7
# Build 321239 by xbuild on Fri Sep 27 19:31:35 MDT 2013
# Start of session at: Thu Nov 05 02:53:34 2020
# Process ID: 9100
# Log file: C:/Users/Admin/Desktop/CodeHub/ClassDocs/Semester2-1/Digital System Fundamentals/Lab9_4-11-2563/Lab9/planAhead_run_1/planAhead.log
# Journal file: C:/Users/Admin/Desktop/CodeHub/ClassDocs/Semester2-1/Digital System Fundamentals/Lab9_4-11-2563/Lab9/planAhead_run_1/planAhead.jou
#-----------------------------------------------------------
INFO: [Common 17-78] Attempting to get a license: PlanAhead
INFO: [Common 17-290] Got license for PlanAhead
INFO: [Device 21-36] Loading parts and site information from C:/Xilinx/14.7/ISE_DS/PlanAhead/data/parts/arch.xml
Parsing RTL primitives file [C:/Xilinx/14.7/ISE_DS/PlanAhead/data/parts/xilinx/rtl/prims/rtl_prims.xml]
Finished parsing RTL primitives file [C:/Xilinx/14.7/ISE_DS/PlanAhead/data/parts/xilinx/rtl/prims/rtl_prims.xml]
start_gui
source {C:/Users/Admin/Desktop/CodeHub/ClassDocs/Semester2-1/Digital System Fundamentals/Lab9_4-11-2563/Lab9/pa.fromHdl.tcl}
# create_project -name Lab9 -dir "C:/Users/Admin/Desktop/CodeHub/ClassDocs/Semester2-1/Digital System Fundamentals/Lab9_4-11-2563/Lab9/planAhead_run_2" -part xc6slx9tqg144-3
# set_param project.pinAheadLayout yes
# set srcset [get_property srcset [current_run -impl]]
# set_property target_constrs_file "MainCircuitPin.ucf" [current_fileset -constrset]
Adding file 'C:/Users/Admin/Desktop/CodeHub/ClassDocs/Semester2-1/Digital System Fundamentals/Lab9_4-11-2563/Lab9/MainCircuitPin.ucf' to fileset 'constrs_1'
# set hdlfile [add_files [list {FullAdder.vf}]]
# set_property file_type Verilog $hdlfile
# set_property library work $hdlfile
# set hdlfile [add_files [list {Mux4To1_4_Bus.vf}]]
# set_property file_type Verilog $hdlfile
# set_property library work $hdlfile
# set hdlfile [add_files [list {Adder8Bits_Bus.vf}]]
# set_property file_type Verilog $hdlfile
# set_property library work $hdlfile
# set hdlfile [add_files [list {Xor8Bits_Bus.vf}]]
# set_property file_type Verilog $hdlfile
# set_property library work $hdlfile
# set hdlfile [add_files [list {Sub8Bits_Bus.vf}]]
# set_property file_type Verilog $hdlfile
# set_property library work $hdlfile
# set hdlfile [add_files [list {SHL8Bits_Bus.vf}]]
# set_property file_type Verilog $hdlfile
# set_property library work $hdlfile
# set hdlfile [add_files [list {Mux4To1_8_Bus.vf}]]
# set_property file_type Verilog $hdlfile
# set_property library work $hdlfile
# set hdlfile [add_files [list {HEX27SEG_Bus.vf}]]
# set_property file_type Verilog $hdlfile
# set_property library work $hdlfile
# set hdlfile [add_files [list {MainCircuit.vf}]]
# set_property file_type Verilog $hdlfile
# set_property library work $hdlfile
# set_property top MainCircuit $srcset
# add_files [list {MainCircuitPin.ucf}] -fileset [get_property constrset [current_run]]
# open_rtl_design -part xc6slx9tqg144-3
Using Verific elaboration
Parsing VHDL file "C:/Xilinx/14.7/ISE_DS/PlanAhead/data/parts/xilinx/rtl/lib/synplify/synattr.vhd" into library synplify
Analyzing Verilog file "C:/Users/Admin/Desktop/CodeHub/ClassDocs/Semester2-1/Digital System Fundamentals/Lab9_4-11-2563/Lab9/MainCircuit.vf" into library work
Loading clock regions from C:/Xilinx/14.7/ISE_DS/PlanAhead/data\parts/xilinx/spartan6/spartan6lx/xc6slx9/ClockRegion.xml
Loading clock buffers from C:/Xilinx/14.7/ISE_DS/PlanAhead/data\parts/xilinx/spartan6/spartan6lx/xc6slx9/ClockBuffers.xml
Loading package pin functions from C:/Xilinx/14.7/ISE_DS/PlanAhead/data\parts/xilinx/spartan6/PinFunctions.xml...
Loading package from C:/Xilinx/14.7/ISE_DS/PlanAhead/data\parts/xilinx/spartan6/spartan6lx/xc6slx9/tqg144/Package.xml
Loading io standards from C:/Xilinx/14.7/ISE_DS/PlanAhead/data\./parts/xilinx/spartan6/IOStandards.xml
Loading device configuration modes from C:/Xilinx/14.7/ISE_DS/PlanAhead/data\parts/xilinx/spartan6/ConfigModes.xml
Loading list of drcs for the architecture : C:/Xilinx/14.7/ISE_DS/PlanAhead/data\./parts/xilinx/spartan6/drc.xml
Parsing UCF File [C:/Users/Admin/Desktop/CodeHub/ClassDocs/Semester2-1/Digital System Fundamentals/Lab9_4-11-2563/Lab9/MainCircuitPin.ucf]
CRITICAL WARNING: [Constraints 18-11] Could not find net or pin 'BUZZ_P83' [C:/Users/Admin/Desktop/CodeHub/ClassDocs/Semester2-1/Digital System Fundamentals/Lab9_4-11-2563/Lab9/MainCircuitPin.ucf:4]
CRITICAL WARNING: [Constraints 18-11] Could not find net or pin 'DIP1_P112' [C:/Users/Admin/Desktop/CodeHub/ClassDocs/Semester2-1/Digital System Fundamentals/Lab9_4-11-2563/Lab9/MainCircuitPin.ucf:10]
CRITICAL WARNING: [Constraints 18-11] Could not find net or pin 'DIP2_P111' [C:/Users/Admin/Desktop/CodeHub/ClassDocs/Semester2-1/Digital System Fundamentals/Lab9_4-11-2563/Lab9/MainCircuitPin.ucf:11]
CRITICAL WARNING: [Constraints 18-11] Could not find net or pin 'DIP3_P105' [C:/Users/Admin/Desktop/CodeHub/ClassDocs/Semester2-1/Digital System Fundamentals/Lab9_4-11-2563/Lab9/MainCircuitPin.ucf:12]
CRITICAL WARNING: [Constraints 18-11] Could not find net or pin 'DIP4_P104' [C:/Users/Admin/Desktop/CodeHub/ClassDocs/Semester2-1/Digital System Fundamentals/Lab9_4-11-2563/Lab9/MainCircuitPin.ucf:13]
CRITICAL WARNING: [Constraints 18-11] Could not find net or pin 'DIP5_P102' [C:/Users/Admin/Desktop/CodeHub/ClassDocs/Semester2-1/Digital System Fundamentals/Lab9_4-11-2563/Lab9/MainCircuitPin.ucf:14]
CRITICAL WARNING: [Constraints 18-11] Could not find net or pin 'DIP6_P101' [C:/Users/Admin/Desktop/CodeHub/ClassDocs/Semester2-1/Digital System Fundamentals/Lab9_4-11-2563/Lab9/MainCircuitPin.ucf:15]
CRITICAL WARNING: [Constraints 18-11] Could not find net or pin 'DIP7_P100' [C:/Users/Admin/Desktop/CodeHub/ClassDocs/Semester2-1/Digital System Fundamentals/Lab9_4-11-2563/Lab9/MainCircuitPin.ucf:16]
CRITICAL WARNING: [Constraints 18-11] Could not find net or pin 'DIP8_P99' [C:/Users/Admin/Desktop/CodeHub/ClassDocs/Semester2-1/Digital System Fundamentals/Lab9_4-11-2563/Lab9/MainCircuitPin.ucf:17]
CRITICAL WARNING: [Constraints 18-11] Could not find net or pin 'SW0_P66' [C:/Users/Admin/Desktop/CodeHub/ClassDocs/Semester2-1/Digital System Fundamentals/Lab9_4-11-2563/Lab9/MainCircuitPin.ucf:25]
CRITICAL WARNING: [Constraints 18-11] Could not find net or pin 'SW1_P62' [C:/Users/Admin/Desktop/CodeHub/ClassDocs/Semester2-1/Digital System Fundamentals/Lab9_4-11-2563/Lab9/MainCircuitPin.ucf:26]
CRITICAL WARNING: [Constraints 18-11] Could not find net or pin 'SW2_P61' [C:/Users/Admin/Desktop/CodeHub/ClassDocs/Semester2-1/Digital System Fundamentals/Lab9_4-11-2563/Lab9/MainCircuitPin.ucf:27]
CRITICAL WARNING: [Constraints 18-11] Could not find net or pin 'SW3_P59' [C:/Users/Admin/Desktop/CodeHub/ClassDocs/Semester2-1/Digital System Fundamentals/Lab9_4-11-2563/Lab9/MainCircuitPin.ucf:28]
CRITICAL WARNING: [Constraints 18-11] Could not find net or pin 'SW4_P58' [C:/Users/Admin/Desktop/CodeHub/ClassDocs/Semester2-1/Digital System Fundamentals/Lab9_4-11-2563/Lab9/MainCircuitPin.ucf:29]
CRITICAL WARNING: [Constraints 18-11] Could not find net or pin 'SW5_P57' [C:/Users/Admin/Desktop/CodeHub/ClassDocs/Semester2-1/Digital System Fundamentals/Lab9_4-11-2563/Lab9/MainCircuitPin.ucf:30]
CRITICAL WARNING: [Constraints 18-11] Could not find net or pin 'SW6_P56' [C:/Users/Admin/Desktop/CodeHub/ClassDocs/Semester2-1/Digital System Fundamentals/Lab9_4-11-2563/Lab9/MainCircuitPin.ucf:31]
CRITICAL WARNING: [Constraints 18-11] Could not find net or pin 'SW7_P55' [C:/Users/Admin/Desktop/CodeHub/ClassDocs/Semester2-1/Digital System Fundamentals/Lab9_4-11-2563/Lab9/MainCircuitPin.ucf:32]
Finished Parsing UCF File [C:/Users/Admin/Desktop/CodeHub/ClassDocs/Semester2-1/Digital System Fundamentals/Lab9_4-11-2563/Lab9/MainCircuitPin.ucf]
INFO: [Designutils 20-20] Invalid constraints found, use command 'write_ucf -constraints invalid <file>' to save all the invalid constraints to a file
INFO: [Project 1-111] Unisim Transformation Summary:
No Unisim elements were transformed.

Phase 0 | Netlist Checksum: 6cbdd385
open_rtl_design: Time (s): elapsed = 00:00:08 . Memory (MB): peak = 531.105 ; gain = 83.734
update_compile_order -fileset sim_1
exit
ERROR: [PlanAhead 12-106] *** Exception: ui.h.b: Found deleted key in HTclEventBroker. Verify if the classes listed here call cleanup()
HTclEvent: SIGNAL_BUS_MODIFY   Classes: ui.views.aR 
HTclEvent: DEBUG_PORT_CONFIG_CHANGE   Classes: ui.views.aR 
HTclEvent: SIGNAL_MODIFY   Classes: ui.views.aR 
HTclEvent: DEBUG_CORE_CONFIG_CHANGE   Classes: ui.views.aR 
 (See C:/Users/Admin/Desktop/CodeHub/ClassDocs/Semester2-1/Digital System Fundamentals/Lab9_4-11-2563/Lab9\planAhead_pid9100.debug)
ERROR: [Common 17-39] 'stop_gui' failed due to earlier errors.
INFO: [Common 17-206] Exiting PlanAhead at Thu Nov 05 02:57:12 2020...
INFO: [Common 17-83] Releasing license: PlanAhead
