#-----------------------------------------------------------
# PlanAhead v14.7
# Build 321239 by xbuild on Fri Sep 27 19:31:35 MDT 2013
# Start of session at: Thu Oct 29 02:15:43 2020
# Process ID: 17308
# Log file: C:/Users/Admin/Desktop/CodeHub/ClassDocs/Semester2-1/Digital System Fundamentals/Lab8_28-10-2563/Lab8/planAhead_run_1/planAhead.log
# Journal file: C:/Users/Admin/Desktop/CodeHub/ClassDocs/Semester2-1/Digital System Fundamentals/Lab8_28-10-2563/Lab8/planAhead_run_1/planAhead.jou
#-----------------------------------------------------------
INFO: [Common 17-78] Attempting to get a license: PlanAhead
INFO: [Common 17-290] Got license for PlanAhead
INFO: [Device 21-36] Loading parts and site information from C:/Xilinx/14.7/ISE_DS/PlanAhead/data/parts/arch.xml
Parsing RTL primitives file [C:/Xilinx/14.7/ISE_DS/PlanAhead/data/parts/xilinx/rtl/prims/rtl_prims.xml]
Finished parsing RTL primitives file [C:/Xilinx/14.7/ISE_DS/PlanAhead/data/parts/xilinx/rtl/prims/rtl_prims.xml]
start_gui
source {C:/Users/Admin/Desktop/CodeHub/ClassDocs/Semester2-1/Digital System Fundamentals/Lab8_28-10-2563/Lab8/pa.fromHdl.tcl}
# create_project -name Lab8 -dir "C:/Users/Admin/Desktop/CodeHub/ClassDocs/Semester2-1/Digital System Fundamentals/Lab8_28-10-2563/Lab8/planAhead_run_2" -part xc6slx9tqg144-3
ERROR: [Common 17-53] User Exception: Project already exists on disk, please use '-force' option to overwrite: 
     C:/Users/Admin/Desktop/CodeHub/ClassDocs/Semester2-1/Digital System Fundamentals/Lab8_28-10-2563/Lab8/planAhead_run_2/Lab8.ppr
     C:/Users/Admin/Desktop/CodeHub/ClassDocs/Semester2-1/Digital System Fundamentals/Lab8_28-10-2563/Lab8/planAhead_run_2/Lab8.data

    while executing
"create_project -name Lab8 -dir "C:/Users/Admin/Desktop/CodeHub/ClassDocs/Semester2-1/Digital System Fundamentals/Lab8_28-10-2563/Lab8/planAhead_run_2"..."
    (file "C:/Users/Admin/Desktop/CodeHub/ClassDocs/Semester2-1/Digital System Fundamentals/Lab8_28-10-2563/Lab8/pa.fromHdl.tcl" line 4)
exit
INFO: [Common 17-206] Exiting PlanAhead at Thu Oct 29 02:16:03 2020...
INFO: [Common 17-83] Releasing license: PlanAhead
